<?xml version="1.0" encoding="UTF-8"?>
<!-- Generated by org.testng.reporters.JUnitXMLReporter -->
<testsuite hostname="DESKTOP-ACRMBSA" ignored="0" name="Default test" tests="6" failures="0" timestamp="29 Jul 2020 11:24:27 GMT" time="8.937" errors="0">
  <testcase name="NoCredentialsEnteredAttemptLogin" time="0.171" classname="login.LoginTest"/>
  <testcase name="OnlyPasswordEnteredLoginAttempt" time="0.37" classname="login.LoginTest"/>
  <testcase name="OnlyUsernameEnteredLoginAttempt" time="0.351" classname="login.LoginTest"/>
  <testcase name="EnterWrongPassword" time="0.403" classname="login.LoginTest"/>
  <testcase name="EnterWrongUsername" time="0.393" classname="login.LoginTest"/>
  <testcase name="CorrectCredentialsLoginEnterKey" time="1.948" classname="login.LoginTest"/>
</testsuite> <!-- Default test -->
