<?xml version="1.0" encoding="UTF-8"?>
<testng-results skipped="0" failed="0" ignored="0" total="6" passed="6">
  <reporter-output>
  </reporter-output>
  <suite name="Default suite" duration-ms="8937" started-at="2020-07-29T11:24:18Z" finished-at="2020-07-29T11:24:27Z">
    <groups>
    </groups>
    <test name="Default test" duration-ms="8937" started-at="2020-07-29T11:24:18Z" finished-at="2020-07-29T11:24:27Z">
      <class name="login.LoginTest">
        <test-method status="PASS" signature="SetUp()[pri:0, instance:login.LoginTest@17c1bced]" name="SetUp" is-config="true" duration-ms="4633" started-at="2020-07-29T11:24:18Z" finished-at="2020-07-29T11:24:23Z">
          <reporter-output>
          </reporter-output>
        </test-method> <!-- SetUp -->
        <test-method status="PASS" signature="NoCredentialsEnteredAttemptLogin()[pri:1, instance:login.LoginTest@17c1bced]" name="NoCredentialsEnteredAttemptLogin" duration-ms="171" started-at="2020-07-29T11:24:23Z" finished-at="2020-07-29T11:24:23Z">
          <reporter-output>
          </reporter-output>
        </test-method> <!-- NoCredentialsEnteredAttemptLogin -->
        <test-method status="PASS" signature="Refresh()[pri:0, instance:login.LoginTest@17c1bced]" name="Refresh" is-config="true" duration-ms="106" started-at="2020-07-29T11:24:23Z" finished-at="2020-07-29T11:24:23Z">
          <reporter-output>
          </reporter-output>
        </test-method> <!-- Refresh -->
        <test-method status="PASS" signature="OnlyPasswordEnteredLoginAttempt()[pri:2, instance:login.LoginTest@17c1bced]" name="OnlyPasswordEnteredLoginAttempt" duration-ms="370" started-at="2020-07-29T11:24:23Z" finished-at="2020-07-29T11:24:24Z">
          <reporter-output>
          </reporter-output>
        </test-method> <!-- OnlyPasswordEnteredLoginAttempt -->
        <test-method status="PASS" signature="Refresh()[pri:0, instance:login.LoginTest@17c1bced]" name="Refresh" is-config="true" duration-ms="86" started-at="2020-07-29T11:24:24Z" finished-at="2020-07-29T11:24:24Z">
          <reporter-output>
          </reporter-output>
        </test-method> <!-- Refresh -->
        <test-method status="PASS" signature="OnlyUsernameEnteredLoginAttempt()[pri:3, instance:login.LoginTest@17c1bced]" name="OnlyUsernameEnteredLoginAttempt" duration-ms="351" started-at="2020-07-29T11:24:24Z" finished-at="2020-07-29T11:24:24Z">
          <reporter-output>
          </reporter-output>
        </test-method> <!-- OnlyUsernameEnteredLoginAttempt -->
        <test-method status="PASS" signature="Refresh()[pri:0, instance:login.LoginTest@17c1bced]" name="Refresh" is-config="true" duration-ms="83" started-at="2020-07-29T11:24:24Z" finished-at="2020-07-29T11:24:24Z">
          <reporter-output>
          </reporter-output>
        </test-method> <!-- Refresh -->
        <test-method status="PASS" signature="EnterWrongPassword()[pri:4, instance:login.LoginTest@17c1bced]" name="EnterWrongPassword" duration-ms="403" started-at="2020-07-29T11:24:24Z" finished-at="2020-07-29T11:24:25Z">
          <reporter-output>
          </reporter-output>
        </test-method> <!-- EnterWrongPassword -->
        <test-method status="PASS" signature="Refresh()[pri:0, instance:login.LoginTest@17c1bced]" name="Refresh" is-config="true" duration-ms="92" started-at="2020-07-29T11:24:25Z" finished-at="2020-07-29T11:24:25Z">
          <reporter-output>
          </reporter-output>
        </test-method> <!-- Refresh -->
        <test-method status="PASS" signature="EnterWrongUsername()[pri:5, instance:login.LoginTest@17c1bced]" name="EnterWrongUsername" duration-ms="393" started-at="2020-07-29T11:24:25Z" finished-at="2020-07-29T11:24:25Z">
          <reporter-output>
          </reporter-output>
        </test-method> <!-- EnterWrongUsername -->
        <test-method status="PASS" signature="Refresh()[pri:0, instance:login.LoginTest@17c1bced]" name="Refresh" is-config="true" duration-ms="172" started-at="2020-07-29T11:24:25Z" finished-at="2020-07-29T11:24:25Z">
          <reporter-output>
          </reporter-output>
        </test-method> <!-- Refresh -->
        <test-method status="PASS" signature="CorrectCredentialsLoginEnterKey()[pri:6, instance:login.LoginTest@17c1bced]" name="CorrectCredentialsLoginEnterKey" duration-ms="1948" started-at="2020-07-29T11:24:25Z" finished-at="2020-07-29T11:24:27Z">
          <reporter-output>
          </reporter-output>
        </test-method> <!-- CorrectCredentialsLoginEnterKey -->
        <test-method status="PASS" signature="Refresh()[pri:0, instance:login.LoginTest@17c1bced]" name="Refresh" is-config="true" duration-ms="99" started-at="2020-07-29T11:24:27Z" finished-at="2020-07-29T11:24:27Z">
          <reporter-output>
          </reporter-output>
        </test-method> <!-- Refresh -->
      </class> <!-- login.LoginTest -->
    </test> <!-- Default test -->
  </suite> <!-- Default suite -->
</testng-results>
